[    0.000000] Linux version 4.15.0-143-generic (buildd@lcy01-amd64-001) (gcc version 7.5.0 (Ubuntu 7.5.0-3ubuntu1~18.04)) #147-Ubuntu SMP Wed Apr 14 16:10:11 UTC 2021 (Ubuntu 4.15.0-143.147-generic 4.15.18)
[    0.000000] Command line: BOOT_IMAGE=/boot/vmlinuz-4.15.0-143-generic root=LABEL=cloudimg-rootfs ro console=tty1 console=ttyS0
[    0.000000] KERNEL supported cpus:
[    0.000000]   Intel GenuineIntel
[    0.000000]   AMD AuthenticAMD
[    0.000000]   Centaur CentaurHauls
[    0.000000] x86/fpu: x87 FPU will use FXSAVE
[    0.000000] e820: BIOS-provided physical RAM map:
[    0.000000] BIOS-e820: [mem 0x0000000000000000-0x000000000009fbff] usable
[    0.000000] BIOS-e820: [mem 0x000000000009fc00-0x000000000009ffff] reserved
[    0.000000] BIOS-e820: [mem 0x00000000000f0000-0x00000000000fffff] reserved
[    0.000000] BIOS-e820: [mem 0x0000000000100000-0x000000003ffeffff] usable
[    0.000000] BIOS-e820: [mem 0x000000003fff0000-0x000000003fffffff] ACPI data
[    0.000000] BIOS-e820: [mem 0x00000000fec00000-0x00000000fec00fff] reserved
[    0.000000] BIOS-e820: [mem 0x00000000fee00000-0x00000000fee00fff] reserved
[    0.000000] BIOS-e820: [mem 0x00000000fffc0000-0x00000000ffffffff] reserved
[    0.000000] NX (Execute Disable) protection: active
[    0.000000] SMBIOS 2.5 present.
[    0.000000] DMI: innotek GmbH VirtualBox/VirtualBox, BIOS VirtualBox 12/01/2006
[    0.000000] Hypervisor detected: KVM
[    0.000000] e820: last_pfn = 0x3fff0 max_arch_pfn = 0x400000000
[    0.000000] MTRR: Disabled
[    0.000000] x86/PAT: MTRRs disabled, skipping PAT initialization too.
[    0.000000] CPU MTRRs all blank - virtualized system.
[    0.000000] x86/PAT: Configuration [0-7]: WB  WT  UC- UC  WB  WT  UC- UC  
[    0.000000] found SMP MP-table at [mem 0x0009fff0-0x0009ffff]
[    0.000000] Scanning 1 areas for low memory corruption
[    0.000000] RAMDISK: [mem 0x359d1000-0x36cdffff]
[    0.000000] ACPI: Early table checksum verification disabled
[    0.000000] ACPI: RSDP 0x00000000000E0000 000024 (v02 VBOX  )
[    0.000000] ACPI: XSDT 0x000000003FFF0030 00003C (v01 VBOX   VBOXXSDT 00000001 ASL  00000061)
[    0.000000] ACPI: FACP 0x000000003FFF00F0 0000F4 (v04 VBOX   VBOXFACP 00000001 ASL  00000061)
[    0.000000] ACPI: DSDT 0x000000003FFF0470 002325 (v02 VBOX   VBOXBIOS 00000002 INTL 20100528)
[    0.000000] ACPI: FACS 0x000000003FFF0200 000040
[    0.000000] ACPI: FACS 0x000000003FFF0200 000040
[    0.000000] ACPI: APIC 0x000000003FFF0240 00005C (v02 VBOX   VBOXAPIC 00000001 ASL  00000061)
[    0.000000] ACPI: SSDT 0x000000003FFF02A0 0001CC (v01 VBOX   VBOXCPUT 00000002 INTL 20100528)
[    0.000000] No NUMA configuration found
[    0.000000] Faking a node at [mem 0x0000000000000000-0x000000003ffeffff]
[    0.000000] NODE_DATA(0) allocated [mem 0x3ffc5000-0x3ffeffff]
[    0.000000] kvm-clock: cpu 0, msr 0:3ff44001, primary cpu clock
[    0.000000] kvm-clock: Using msrs 4b564d01 and 4b564d00
[    0.000000] kvm-clock: using sched offset of 7911675727 cycles
[    0.000000] clocksource: kvm-clock: mask: 0xffffffffffffffff max_cycles: 0x1cd42e4dffb, max_idle_ns: 881590591483 ns
[    0.000000] Zone ranges:
[    0.000000]   DMA      [mem 0x0000000000001000-0x0000000000ffffff]
[    0.000000]   DMA32    [mem 0x0000000001000000-0x000000003ffeffff]
[    0.000000]   Normal   empty
[    0.000000]   Device   empty
[    0.000000] Movable zone start for each node
[    0.000000] Early memory node ranges
[    0.000000]   node   0: [mem 0x0000000000001000-0x000000000009efff]
[    0.000000]   node   0: [mem 0x0000000000100000-0x000000003ffeffff]
[    0.000000] Reserved but unavailable: 98 pages
[    0.000000] Initmem setup node 0 [mem 0x0000000000001000-0x000000003ffeffff]
[    0.000000] ACPI: PM-Timer IO Port: 0x4008
[    0.000000] IOAPIC[0]: apic_id 2, version 32, address 0xfec00000, GSI 0-23
[    0.000000] ACPI: INT_SRC_OVR (bus 0 bus_irq 0 global_irq 2 dfl dfl)
[    0.000000] ACPI: INT_SRC_OVR (bus 0 bus_irq 9 global_irq 9 low level)
[    0.000000] Using ACPI (MADT) for SMP configuration information
[    0.000000] smpboot: Allowing 2 CPUs, 0 hotplug CPUs
[    0.000000] PM: Registered nosave memory: [mem 0x00000000-0x00000fff]
[    0.000000] PM: Registered nosave memory: [mem 0x0009f000-0x0009ffff]
[    0.000000] PM: Registered nosave memory: [mem 0x000a0000-0x000effff]
[    0.000000] PM: Registered nosave memory: [mem 0x000f0000-0x000fffff]
[    0.000000] e820: [mem 0x40000000-0xfebfffff] available for PCI devices
[    0.000000] Booting paravirtualized kernel on KVM
[    0.000000] clocksource: refined-jiffies: mask: 0xffffffff max_cycles: 0xffffffff, max_idle_ns: 7645519600211568 ns
[    0.000000] random: get_random_bytes called from start_kernel+0x99/0x500 with crng_init=0
[    0.000000] setup_percpu: NR_CPUS:8192 nr_cpumask_bits:2 nr_cpu_ids:2 nr_node_ids:1
[    0.000000] percpu: Embedded 45 pages/cpu s147456 r8192 d28672 u1048576
[    0.000000] PV qspinlock hash table entries: 256 (order: 0, 4096 bytes)
[    0.000000] Built 1 zonelists, mobility grouping on.  Total pages: 257913
[    0.000000] Policy zone: DMA32
[    0.000000] Kernel command line: BOOT_IMAGE=/boot/vmlinuz-4.15.0-143-generic root=LABEL=cloudimg-rootfs ro console=tty1 console=ttyS0
[    0.000000] Memory: 982724K/1048120K available (12300K kernel code, 2483K rwdata, 4316K rodata, 2444K init, 2724K bss, 65396K reserved, 0K cma-reserved)
[    0.000000] SLUB: HWalign=64, Order=0-3, MinObjects=0, CPUs=2, Nodes=1
[    0.000000] Kernel/User page tables isolation: enabled
[    0.000000] ftrace: allocating 39437 entries in 155 pages
[    0.004000] Hierarchical RCU implementation.
[    0.004000] 	RCU restricting CPUs from NR_CPUS=8192 to nr_cpu_ids=2.
[    0.004000] 	Tasks RCU enabled.
[    0.004000] RCU: Adjusting geometry for rcu_fanout_leaf=16, nr_cpu_ids=2
[    0.004000] NR_IRQS: 524544, nr_irqs: 440, preallocated irqs: 16
[    0.004000] Console: colour VGA+ 80x25
[    0.004000] console [tty1] enabled
[    0.004000] console [ttyS0] enabled
[    0.004000] ACPI: Core revision 20170831
[    0.004000] ACPI: 2 ACPI AML tables successfully acquired and loaded
[    0.004000] APIC: Switch to symmetric I/O mode setup
[    0.004000] ..TIMER: vector=0x30 apic1=0 pin1=2 apic2=-1 pin2=-1
[    0.004006] tsc: Detected 2394.456 MHz processor
[    0.008012] Calibrating delay loop (skipped) preset value.. 4788.91 BogoMIPS (lpj=9577824)
[    0.012006] pid_max: default: 32768 minimum: 301
[    0.016220] Security Framework initialized
[    0.024006] Yama: becoming mindful.
[    0.028144] AppArmor: AppArmor initialized
[    0.046627] Dentry cache hash table entries: 131072 (order: 8, 1048576 bytes)
[    0.053043] Inode-cache hash table entries: 65536 (order: 7, 524288 bytes)
[    0.056139] Mount-cache hash table entries: 2048 (order: 2, 16384 bytes)
[    0.060117] Mountpoint-cache hash table entries: 2048 (order: 2, 16384 bytes)
[    0.068852] Last level iTLB entries: 4KB 64, 2MB 8, 4MB 8
[    0.072007] Last level dTLB entries: 4KB 64, 2MB 0, 4MB 0, 1GB 4
[    0.076008] Spectre V1 : Mitigation: usercopy/swapgs barriers and __user pointer sanitization
[    0.080008] Spectre V2 : Mitigation: Full generic retpoline
[    0.084005] Spectre V2 : Spectre v2 / SpectreRSB mitigation: Filling RSB on context switch
[    0.088010] Speculative Store Bypass: Vulnerable
[    0.092068] MDS: Mitigation: Clear CPU buffers
[    0.096271] Freeing SMP alternatives memory: 36K
[    0.222153] APIC calibration not consistent with PM-Timer: 102ms instead of 100ms
[    0.224000] APIC delta adjusted to PM-Timer: 6416290 (6580429)
[    0.224870] smpboot: CPU0: Intel(R) Core(TM) i7-5500U CPU @ 2.40GHz (family: 0x6, model: 0x3d, stepping: 0x4)
[    0.228726] Performance Events: unsupported p6 CPU model 61 no PMU driver, software events only.
[    0.232237] Hierarchical SRCU implementation.
[    0.241153] NMI watchdog: Perf event create on CPU 0 failed with -2
[    0.244158] NMI watchdog: Perf NMI watchdog permanently disabled
[    0.248684] smp: Bringing up secondary CPUs ...
[    0.256641] x86: Booting SMP configuration:
[    0.260005] .... node  #0, CPUs:      #1
[    0.004000] kvm-clock: cpu 1, msr 0:3ff44041, secondary cpu clock
[    0.279322] TSC synchronization [CPU#0 -> CPU#1]:
[    0.280000] Measured 84695 cycles TSC warp between CPUs, turning off TSC clock.
[    0.280000] tsc: Marking TSC unstable due to check_tsc_sync_source failed
[    0.288598] smp: Brought up 1 node, 2 CPUs
[    0.292013] smpboot: Max logical packages: 1
[    0.296014] smpboot: Total of 2 processors activated (9577.82 BogoMIPS)
[    0.308016] devtmpfs: initialized
[    0.312191] x86/mm: Memory block size: 128MB
[    0.316649] evm: security.selinux
[    0.320008] evm: security.SMACK64
[    0.324007] evm: security.SMACK64EXEC
[    0.328006] evm: security.SMACK64TRANSMUTE
[    0.332026] evm: security.SMACK64MMAP
[    0.336006] evm: security.apparmor
[    0.340006] evm: security.ima
[    0.344008] evm: security.capability
[    0.352232] clocksource: jiffies: mask: 0xffffffff max_cycles: 0xffffffff, max_idle_ns: 7645041785100000 ns
[    0.356016] futex hash table entries: 512 (order: 3, 32768 bytes)
[    0.360507] pinctrl core: initialized pinctrl subsystem
[    0.364701] RTC time: 13:57:27, date: 05/17/21
[    0.372289] NET: Registered protocol family 16
[    0.376184] audit: initializing netlink subsys (disabled)
[    0.380405] audit: type=2000 audit(1621259855.807:1): state=initialized audit_enabled=0 res=1
[    0.404009] cpuidle: using governor ladder
[    0.408011] cpuidle: using governor menu
[    0.412097] ACPI: bus type PCI registered
[    0.416005] acpiphp: ACPI Hot Plug PCI Controller Driver version: 0.5
[    0.420969] PCI: Using configuration type 1 for base access
[    0.437103] HugeTLB registered 2.00 MiB page size, pre-allocated 0 pages
[    0.453112] ACPI: Added _OSI(Module Device)
[    0.456008] ACPI: Added _OSI(Processor Device)
[    0.460010] ACPI: Added _OSI(3.0 _SCP Extensions)
[    0.464007] ACPI: Added _OSI(Processor Aggregator Device)
[    0.468012] ACPI: Added _OSI(Linux-Dell-Video)
[    0.472009] ACPI: Added _OSI(Linux-Lenovo-NV-HDMI-Audio)
[    0.476011] ACPI: Added _OSI(Linux-HPI-Hybrid-Graphics)
[    0.485478] ACPI: Executed 1 blocks of module-level executable AML code
[    0.494772] ACPI: Interpreter enabled
[    0.496017] ACPI: (supports S0 S5)
[    0.500007] ACPI: Using IOAPIC for interrupt routing
[    0.508928] PCI: Using host bridge windows from ACPI; if necessary, use "pci=nocrs" and report a bug
[    0.512466] ACPI: Enabled 2 GPEs in block 00 to 07
[    0.536561] ACPI: PCI Root Bridge [PCI0] (domain 0000 [bus 00-ff])
[    0.540016] acpi PNP0A03:00: _OSC: OS supports [ASPM ClockPM Segments MSI]
[    0.545645] acpi PNP0A03:00: _OSC: not requesting OS control; OS requires [ExtendedConfig ASPM ClockPM MSI]
[    0.548020] acpi PNP0A03:00: fail to add MMCONFIG information, can't access extended PCI configuration space under this bridge.
[    0.556811] PCI host bridge to bus 0000:00
[    0.560011] pci_bus 0000:00: root bus resource [io  0x0000-0x0cf7 window]
[    0.564006] pci_bus 0000:00: root bus resource [io  0x0d00-0xffff window]
[    0.568006] pci_bus 0000:00: root bus resource [mem 0x000a0000-0x000bffff window]
[    0.572007] pci_bus 0000:00: root bus resource [mem 0x40000000-0xfdffffff window]
[    0.576010] pci_bus 0000:00: root bus resource [bus 00-ff]
[    0.590595] pci 0000:00:01.1: legacy IDE quirk: reg 0x10: [io  0x01f0-0x01f7]
[    0.592010] pci 0000:00:01.1: legacy IDE quirk: reg 0x14: [io  0x03f6]
[    0.596013] pci 0000:00:01.1: legacy IDE quirk: reg 0x18: [io  0x0170-0x0177]
[    0.600007] pci 0000:00:01.1: legacy IDE quirk: reg 0x1c: [io  0x0376]
[    0.717452] pci 0000:00:07.0: quirk: [io  0x4000-0x403f] claimed by PIIX4 ACPI
[    0.720105] pci 0000:00:07.0: quirk: [io  0x4100-0x410f] claimed by PIIX4 SMB
[    0.764871] ACPI: PCI Interrupt Link [LNKA] (IRQs 5 9 10 *11)
[    0.769661] ACPI: PCI Interrupt Link [LNKB] (IRQs 5 9 *10 11)
[    0.772639] ACPI: PCI Interrupt Link [LNKC] (IRQs 5 *9 10 11)
[    0.776555] ACPI: PCI Interrupt Link [LNKD] (IRQs 5 9 10 *11)
[    0.785943] SCSI subsystem initialized
[    0.796102] pci 0000:00:02.0: vgaarb: setting as boot VGA device
[    0.800000] pci 0000:00:02.0: vgaarb: VGA device added: decodes=io+mem,owns=io+mem,locks=none
[    0.800014] pci 0000:00:02.0: vgaarb: bridge control possible
[    0.804008] vgaarb: loaded
[    0.808148] ACPI: bus type USB registered
[    0.816100] usbcore: registered new interface driver usbfs
[    0.820048] usbcore: registered new interface driver hub
[    0.824035] usbcore: registered new device driver usb
[    0.832287] EDAC MC: Ver: 3.0.0
[    0.844489] PCI: Using ACPI for IRQ routing
[    0.852051] NetLabel: Initializing
[    0.860009] NetLabel:  domain hash size = 128
[    0.864006] NetLabel:  protocols = UNLABELED CIPSOv4 CALIPSO
[    0.868054] NetLabel:  unlabeled traffic allowed by default
[    0.876663] clocksource: Switched to clocksource kvm-clock
[    0.914474] VFS: Disk quotas dquot_6.6.0
[    0.914474] VFS: Dquot-cache hash table entries: 512 (order 0, 4096 bytes)
[    1.032535] AppArmor: AppArmor Filesystem Enabled
[    1.035888] pnp: PnP ACPI init
[    1.035888] pnp: PnP ACPI: found 3 devices
[    1.161765] clocksource: acpi_pm: mask: 0xffffff max_cycles: 0xffffff, max_idle_ns: 2085701024 ns
[    1.164564] NET: Registered protocol family 2
[    1.190737] TCP established hash table entries: 8192 (order: 4, 65536 bytes)
[    1.205187] TCP bind hash table entries: 8192 (order: 5, 131072 bytes)
[    1.218200] TCP: Hash tables configured (established 8192 bind 8192)
[    1.221259] UDP hash table entries: 512 (order: 2, 16384 bytes)
[    1.248533] UDP-Lite hash table entries: 512 (order: 2, 16384 bytes)
[    1.269470] NET: Registered protocol family 1
[    1.281590] pci 0000:00:00.0: Limiting direct PCI/PCI transfers
[    1.295649] pci 0000:00:01.0: Activating ISA DMA hang workarounds
[    1.299362] pci 0000:00:02.0: Video device with shadowed ROM at [mem 0x000c0000-0x000dffff]
[    1.299362] Unpacking initramfs...
[    2.090319] Freeing initrd memory: 19516K
[    2.090319] clocksource: tsc: mask: 0xffffffffffffffff max_cycles: 0x2283c236f90, max_idle_ns: 440795217409 ns
[    2.090319] platform rtc_cmos: registered platform RTC device (no PNP device found)
[    2.090319] Scanning for low memory corruption every 60 seconds
[    2.222114] Initialise system trusted keyrings
[    2.233930] Key type blacklist registered
[    2.247837] workingset: timestamp_bits=36 max_order=18 bucket_order=0
[    2.264423] zbud: loaded
[    2.273091] squashfs: version 4.0 (2009/01/31) Phillip Lougher
[    2.286161] fuse init (API version 7.26)
[    2.374277] Key type asymmetric registered
[    2.384741] Asymmetric key parser 'x509' registered
[    2.394885] Block layer SCSI generic (bsg) driver version 0.4 loaded (major 246)
[    2.411681] io scheduler noop registered
[    2.421209] io scheduler deadline registered
[    2.430949] io scheduler cfq registered (default)
[    2.440935] ACPI: AC Adapter [AC] (on-line)
[    2.450014] input: Power Button as /devices/LNXSYSTM:00/LNXPWRBN:00/input/input0
[    2.465693] ACPI: Power Button [PWRF]
[    2.473861] input: Sleep Button as /devices/LNXSYSTM:00/LNXSLPBN:00/input/input1
[    2.489990] ACPI: Sleep Button [SLPF]
[    2.501754] Serial: 8250/16550 driver, 32 ports, IRQ sharing enabled
[    2.505581] ACPI: Battery Slot [BAT0] (battery present)
[    2.588105] 00:02: ttyS0 at I/O 0x3f8 (irq = 4, base_baud = 115200) is a 16550A
[    2.611408] Linux agpgart interface v0.103
[    2.629274] loop: module loaded
[    2.642725] scsi host0: ata_piix
[    2.652523] scsi host1: ata_piix
[    2.658910] ata1: PATA max UDMA/33 cmd 0x1f0 ctl 0x3f6 bmdma 0xd000 irq 14
[    2.672184] ata2: PATA max UDMA/33 cmd 0x170 ctl 0x376 bmdma 0xd008 irq 15
[    2.684696] libphy: Fixed MDIO Bus: probed
[    2.693069] tun: Universal TUN/TAP device driver, 1.6
[    2.703430] PPP generic driver version 2.4.2
[    2.712117] ehci_hcd: USB 2.0 'Enhanced' Host Controller (EHCI) Driver
[    2.723412] ehci-pci: EHCI PCI platform driver
[    2.732268] ehci-platform: EHCI generic platform driver
[    2.741644] ohci_hcd: USB 1.1 'Open' Host Controller (OHCI) Driver
[    2.754429] ohci-pci: OHCI PCI platform driver
[    2.764045] ohci-platform: OHCI generic platform driver
[    2.773583] uhci_hcd: USB Universal Host Controller Interface driver
[    2.786336] i8042: PNP: PS/2 Controller [PNP0303:PS2K,PNP0f03:PS2M] at 0x60,0x64 irq 1,12
[    2.808223] serio: i8042 KBD port at 0x60,0x64 irq 1
[    2.818855] serio: i8042 AUX port at 0x60,0x64 irq 12
[    2.828904] mousedev: PS/2 mouse device common for all mice
[    2.845135] input: AT Translated Set 2 keyboard as /devices/platform/i8042/serio0/input/input2
[    2.891473] rtc_cmos rtc_cmos: rtc core: registered rtc_cmos as rtc0
[    2.905682] rtc_cmos rtc_cmos: alarms up to one day, 114 bytes nvram
[    2.920986] i2c /dev entries driver
[    2.930197] device-mapper: uevent: version 1.0.3
[    2.940064] device-mapper: ioctl: 4.37.0-ioctl (2017-09-20) initialised: dm-devel@redhat.com
[    2.956510] ledtrig-cpu: registered to indicate activity on CPUs
[    2.972885] NET: Registered protocol family 10
[    3.003448] Segment Routing with IPv6
[    3.011947] NET: Registered protocol family 17
[    3.025310] Key type dns_resolver registered
[    3.041095] mce: Using 0 MCE banks
[    3.051293] RAS: Correctable Errors collector initialized.
[    3.064730] sched_clock: Marking stable (3064595523, 0)->(6338018707, -3273423184)
[    3.091793] registered taskstats version 1
[    3.102396] Loading compiled-in X.509 certificates
[    3.126454] Loaded X.509 cert 'Build time autogenerated kernel key: de118354fe72448b469776565e76ac30c08e8db2'
[    3.153414] Loaded X.509 cert 'Canonical Ltd. Live Patch Signing: 14df34d1a87cf37625abec039ef2bf521249b969'
[    3.188241] Loaded X.509 cert 'Canonical Ltd. Kernel Module Signing: 88f752e560a1e0737e31163a466ad7b70a850c19'
[    3.306190] zswap: loaded using pool lzo/zbud
[    3.395154] Key type big_key registered
[    3.419681] Key type trusted registered
[    3.454413] Key type encrypted registered
[    3.466395] AppArmor: AppArmor sha1 policy hashing enabled
[    3.485955] ima: No TPM chip found, activating TPM-bypass! (rc=-19)
[    3.506224] ima: Allocated hash algorithm: sha1
[    3.519929] evm: HMAC attrs: 0x1
[    3.530493]   Magic number: 5:93:989
[    3.546102] rtc_cmos rtc_cmos: setting system clock to 2021-05-17 13:57:31 UTC (1621259851)
[    3.587440] BIOS EDD facility v0.16 2004-Jun-25, 0 devices found
[    3.604978] EDD information not available.
[    3.623992] Freeing unused kernel image memory: 2444K
[    3.721139] Write protecting the kernel read-only data: 20480k
[    3.762526] Freeing unused kernel image memory: 2008K
[    3.775604] Freeing unused kernel image memory: 1828K
[    3.831321] x86/mm: Checked W+X mappings: passed, no W+X pages found.
[    3.847738] x86/mm: Checking user space page tables
[    3.893583] x86/mm: Checked W+X mappings: passed, no W+X pages found.
Loading, please wait...
starting version 237
[    4.230457] Fusion MPT base driver 3.04.20
[    4.240318] Copyright (c) 1999-2008 LSI Corporation
[    4.273811] e1000: Intel(R) PRO/1000 Network Driver - version 7.3.21-k8-NAPI
[    4.300768] e1000: Copyright (c) 1999-2006 Intel Corporation.
[    4.427931] Fusion MPT SPI Host driver 3.04.20
[    4.670142] input: ImExPS/2 Generic Explorer Mouse as /devices/platform/i8042/serio1/input/input4
[    5.874099] e1000 0000:00:03.0 eth0: (PCI:33MHz:32-bit) 02:79:d1:66:99:96
[    5.888930] e1000 0000:00:03.0 eth0: Intel(R) PRO/1000 Network Connection
[    5.910170] mptbase: ioc0: Initiating bringup
[    6.624851] ioc0: LSI53C1030 A0: Capabilities={Initiator}
[    7.816891] scsi host2: ioc0: LSI53C1030 A0, FwRev=00000000h, Ports=1, MaxQ=256, IRQ=20
[    8.474166] scsi 2:0:0:0: Direct-Access     VBOX     HARDDISK         1.0  PQ: 0 ANSI: 5
[    9.297433] scsi target2:0:0: Beginning Domain Validation
[    9.426027] scsi target2:0:0: Domain Validation skipping write tests
[    9.441617] scsi target2:0:0: Ending Domain Validation
[    9.457615] scsi target2:0:0: asynchronous
[    9.469606] random: fast init done
[    9.494585] scsi 2:0:1:0: Direct-Access     VBOX     HARDDISK         1.0  PQ: 0 ANSI: 5
[    9.832582] scsi target2:0:1: Beginning Domain Validation
[    9.867784] scsi target2:0:1: Domain Validation skipping write tests
[    9.887142] scsi target2:0:1: Ending Domain Validation
[    9.897820] scsi target2:0:1: asynchronous
[    9.931374] random: systemd-udevd: uninitialized urandom read (16 bytes read)
[    9.947771] sd 2:0:0:0: [sda] 83886080 512-byte logical blocks: (42.9 GB/40.0 GiB)
[    9.962302] sd 2:0:0:0: Attached scsi generic sg0 type 0
[    9.973138] sd 2:0:0:0: [sda] Write Protect is off
[    9.984771] sd 2:0:1:0: [sdb] 20480 512-byte logical blocks: (10.5 MB/10.0 MiB)
[    9.984862] random: systemd-udevd: uninitialized urandom read (16 bytes read)
[   10.001240] sd 2:0:1:0: Attached scsi generic sg1 type 0
[   10.015184] random: systemd-udevd: uninitialized urandom read (16 bytes read)
[   10.025235] sd 2:0:1:0: [sdb] Write Protect is off
[   10.057488] sd 2:0:1:0: [sdb] Incomplete mode parameter data
[   10.062609] sd 2:0:0:0: [sda] Incomplete mode parameter data
[   10.070068] sd 2:0:1:0: [sdb] Assuming drive cache: write through
[   10.081031] sd 2:0:0:0: [sda] Assuming drive cache: write through
[   10.120146]  sda: sda1
[   10.131642] sd 2:0:1:0: [sdb] Attached SCSI disk
[   10.145244] sd 2:0:0:0: [sda] Attached SCSI disk
[   10.150041] e1000 0000:00:08.0 eth1: (PCI:33MHz:32-bit) 08:00:27:17:ec:54
[   10.168039] e1000 0000:00:08.0 eth1: Intel(R) PRO/1000 Network Connection
[   10.186178] e1000 0000:00:03.0 enp0s3: renamed from eth0
[   10.207165] e1000 0000:00:08.0 enp0s8: renamed from eth1
Begin: Loading essential drivers ... [   13.909879] raid6: sse2x1   gen() 64817 MB/s
[   14.909054] raid6: sse2x1   xor() 136424 MB/s
[   15.920361] raid6: sse2x2   gen() 121821 MB/s
[   17.921525] raid6: sse2x2   xor() 113240 MB/s
[   19.923768] raid6: sse2x4   gen() 198257 MB/s
[   19.982208] raid6: sse2x4   xor()  6999 MB/s
[   19.991023] raid6: using algorithm sse2x4 gen() 198257 MB/s
[   20.002175] raid6: .... xor() 6999 MB/s, rmw enabled
[   20.012439] raid6: using ssse3x2 recovery algorithm
[   20.026453] xor: measuring software checksum speed
[   20.072949]    prefetch64-sse: 16710.000 MB/sec
[   20.120792]    generic_sse: 13503.000 MB/sec
[   20.130884] xor: using function: prefetch64-sse (16710.000 MB/sec)
[   20.150812] async_tx: api initialized (async)
done.
Begin: Running /scripts/init-premount ... done.
Begin: Mounting root file system ... Begin: Running /scripts/local-top ... done.
Begin: Running /scripts/local-premount ... [   20.310717] Btrfs loaded, crc32c=crc32c-intel
Scanning for Btrfs filesystems
done.
Warning: fsck not present, so skipping root file system
[   20.477825] EXT4-fs (sda1): mounted filesystem with ordered data mode. Opts: (null)
done.
Begin: Running /scripts/local-bottom ... done.
Begin: Running /scripts/init-bottom ... done.
[   21.056010] ip_tables: (C) 2000-2006 Netfilter Core Team
[   21.102330] systemd[1]: systemd 237 running in system mode. (+PAM +AUDIT +SELINUX +IMA +APPARMOR +SMACK +SYSVINIT +UTMP +LIBCRYPTSETUP +GCRYPT +GNUTLS +ACL +XZ +LZ4 +SECCOMP +BLKID +ELFUTILS +KMOD -IDN2 +IDN -PCRE2 default-hierarchy=hybrid)
[   21.138452] systemd[1]: Detected virtualization oracle.
[   21.148248] systemd[1]: Detected architecture x86-64.

Welcome to [1mUbuntu 18.04.5 LTS[0m!

[   21.230206] systemd[1]: Set hostname to <ubuntu>.
[   21.257486] systemd[1]: Initializing machine ID from random generator.
[   21.269378] systemd[1]: Installed transient /etc/machine-id file.
[   21.970801] systemd[1]: Reached target Swap.
[[0;32m  OK  [0m] Reached target Swap.
[   21.986759] systemd[1]: Reached target User and Group Name Lookups.
[[0;32m  OK  [0m] Reached target User and Group Name Lookups.
[   22.006511] systemd[1]: Set up automount Arbitrary Executable File Formats File System Automount Point.
[[0;32m  OK  [0m] Set up automount Arbitrary Executab…rmats File System Automount Point.
[   22.033447] systemd[1]: Started Forward Password Requests to Wall Directory Watch.
[[0;32m  OK  [0m] Started Forward Password Requests to Wall Directory Watch.
[[0;32m  OK  [0m] Reached target System Time Synchronized.
[[0;32m  OK  [0m] Created slice System Slice.
[[0;32m  OK  [0m] Listening on fsck to fsckd communication Socket.
[[0;32m  OK  [0m] Listening on Journal Socket (/dev/log).
[[0;32m  OK  [0m] Created slice system-serial\x2dgetty.slice.
[[0;32m  OK  [0m] Listening on Device-mapper event daemon FIFOs.
[[0;32m  OK  [0m] Listening on LVM2 metadata daemon socket.
[[0;32m  OK  [0m] Listening on Journal Socket.
         Starting Set the console keyboard layout...
         Mounting Kernel Debug File System...
         Starting Monitoring of LVM2 mirrors…ng dmeventd or progress polling...
         Starting File System Check on Root Device...
[[0;32m  OK  [0m] Listening on /dev/initctl Compatibility Named Pipe.
[[0;32m  OK  [0m] Listening on Journal Audit Socket.
         Starting Create list of required st…ce nodes for the current kernel...
[[0;32m  OK  [0m] Listening on Network Service Netlink Socket.
[[0;32m  OK  [0m] Listening on udev Kernel Socket.
         Mounting POSIX Message Queue File System...
         Mounting Huge Pages File System...
[[0;32m  OK  [0m] Listening on LVM2 poll daemon socket.
[[0;32m  OK  [0m] Listening on Syslog Socket.
         Starting Journal Service...
         Starting Load Kernel Modules...
[   22.409423] Loading iSCSI transport class v2.0-870.
         Starting Uncomplicated firewall...
[[0;32m  OK  [0m] Listening on udev Control Socket.
         Starting udev Coldplug all Devices...
[[0;32m  OK  [0m] Created slice User and Session Slice.
[[0;32m  OK  [0m] Reached target Slices.
[[0;32m  OK  [0m] Mounted Kernel Debug File System.
[[0;32m  OK  [0m] Started Create list of required sta…vice nodes for the current kernel.
[[0;32m  OK  [0m] Mounted POSIX Message Queue File System.
[[0;32m  OK  [0m] Mounted Huge Pages File System.[   22.555469] iscsi: registered transport (tcp)

[[0;32m  OK  [0m] Started Journal Service.
[[0;32m  OK  [0m] Started File System Check on Root Device.
[[0;32m  OK  [0m] Started Uncomplicated firewall.
[[0;32m  OK  [0m] Started File System Check Daemon to report status.
[[0;32m  OK  [0m] Started LVM2 metadata daemon.
         Starting Remount Root and Kernel File Systems...
         Starting Create Static Device Nodes in /dev...
[[0;32m  OK  [0m] Started Monitoring of LVM2 mirrors,…sing dmeventd or progress polling.
[[0;32m  OK  [0m[   22.770255] EXT4-fs (sda1): re-mounted. Opts: (null)
] Started Create Static Device Nodes in /dev.
[[0;32m  OK  [0m] Started Remount Root and Kernel File Systems.
[[0;32m  OK  [0m] [   22.820077] random: crng init done
Started udev Coldplug all Devices.[   22.826749] random: 7 urandom warning(s) missed due to ratelimiting

         Starting Load/Save Random Seed...
[   22.861180] iscsi: registered transport (iser)
         Starting Flush Journal to Persistent Storage...
         Starting udev Kernel Device Manager...
[[0;32m  OK  [0m] Started Set the console keyboard layout.
[[0;32m  OK  [0m] Started Load Kernel Modules.
[[0;32m  OK  [0m] Started Load/Save Random Seed.
[   22.912363] systemd-journald[384]: Received request to flush runtime journal from PID 1
         Mounting FUSE Control File System...
         Mounting Kernel Configuration File System...
         Starting Apply Kernel Variables...
[[0;32m  OK  [0m] Reached target Local File Systems (Pre).
[[0;32m  OK  [0m] Reached target Local File Systems.
         Starting ebtables ruleset management...
         Starting Set console font and keymap...
         Starting Tell Plymouth To Write Out Runtime Data...
         Starting Commit a transient machine-id on disk...
         Starting AppArmor initialization...
[[0;32m  OK  [0m] Mounted FUSE Control File System.
[[0;32m  OK  [0m] Mounted Kernel Configuration File System.
[[0;32m  OK  [0m] Started Set console font and keymap.
[[0;32m  OK  [0m] Started Tell Plymouth To Write Out Runtime Data.
[[0;32m  OK  [0m] Started Flush Journal to Persistent Storage.
         Starting Create Volatile Files and Directories...
[[0;32m  OK  [0m] Started Apply Kernel Variables.
[[0;32m  OK  [0m] Started Commit a transient machine-id on disk.
[[0;32m  OK  [0m] Started Create Volatile Files and Directories.
         Starting Update UTMP about System Boot/Shutdown...
[[0;32m  OK  [0m] Started udev Kernel Device Manager.
[[0;32m  OK  [0m] Started Dispatch Password Requests to Console Directory Watch.
[[0;32m  OK  [0m] Reached target Local Encrypted Volumes.
[[0;32m  OK  [0m] Started Update UTMP about System Boot/Shutdown.
[[0;32m  OK  [0m] Started ebtables ruleset management.
[[0;32m  OK  [0m] Found device /dev/ttyS0.
[[0;32m  OK  [0m] Listening on Load/Save RF Kill Switch Status /dev/rfkill Watch.
[[0;32m  OK  [0m] Started AppArmor initialization.
         Starting Initial cloud-init job (pre-networking)...
         Starting Load AppArmor profiles managed internally by snapd...
[[0;32m  OK  [0m] Started Load AppArmor profiles managed internally by snapd.
[   28.888727] cloud-init[498]: Cloud-init v. 21.1-19-gbad84ad4-0ubuntu1~18.04.2 running 'init-local' at Mon, 17 May 2021 13:57:55 +0000. Up 27.90 seconds.
[[0;32m  OK  [0m] Started Initial cloud-init job (pre-networking).
[[0;32m  OK  [0m] Reached target Network (Pre).
         Starting Network Service...
[[0;32m  OK  [0m] Started Network Service.
         Starting Wait for Network to be Configured...
         Starting Network Name Resolution...
[[0;32m  OK  [0m] Started Network Name Resolution.
[[0;32m  OK  [0m] Reached target Host and Network Name Lookups.
[[0;32m  OK  [0m] Reached target Network.
[[0;32m  OK  [0m] Started Wait for Network to be Configured.
         Starting Initial cloud-init job (metadata service crawler)...
[   31.306282] cloud-init[622]: Cloud-init v. 21.1-19-gbad84ad4-0ubuntu1~18.04.2 running 'init' at Mon, 17 May 2021 13:57:59 +0000. Up 31.07 seconds.
[   31.317858] cloud-init[622]: ci-info: ++++++++++++++++++++++++++++++++++++++Net device info+++++++++++++++++++++++++++++++++++++++
[   31.325761] cloud-init[622]: ci-info: +--------+-------+----------------------------+---------------+--------+-------------------+
[   31.332698] cloud-init[622]: ci-info: | Device |   Up  |          Address           |      Mask     | Scope  |     Hw-Address    |
[   31.341087] cloud-init[622]: ci-info: +--------+-------+----------------------------+---------------+--------+-------------------+
[   31.347538] cloud-init[622]: ci-info: | enp0s3 |  True |         10.0.2.15          | 255.255.255.0 | global | 02:79:d1:66:99:96 |
[   31.355113] cloud-init[622]: ci-info: | enp0s3 |  True | fe80::79:d1ff:fe66:9996/64 |       .       |  link  | 02:79:d1:66:99:96 |
[   31.362800] cloud-init[622]: ci-info: | enp0s8 | False |             .              |       .       |   .    | 08:00:27:17:ec:54 |
[   31.371131] cloud-init[622]: ci-info: |   lo   |  True |         127.0.0.1          |   255.0.0.0   |  host  |         .         |
[   31.379304] cloud-init[622]: ci-info: |   lo   |  True |          ::1/128           |       .       |  host  |         .         |
[   31.387584] cloud-init[622]: ci-info: +--------+-------+----------------------------+---------------+--------+-------------------+
[   31.394936] cloud-init[622]: ci-info: ++++++++++++++++++++++++++++Route IPv4 info+++++++++++++++++++++++++++++
[   31.402564] cloud-init[622]: ci-info: +-------+-------------+----------+-----------------+-----------+-------+
[   31.410647] cloud-init[622]: ci-info: | Route | Destination | Gateway  |     Genmask     | Interface | Flags |
[   31.418465] cloud-init[622]: ci-info: +-------+-------------+----------+-----------------+-----------+-------+
[   31.425439] cloud-init[622]: ci-info: |   0   |   0.0.0.0   | 10.0.2.2 |     0.0.0.0     |   enp0s3  |   UG  |
[   31.432905] cloud-init[622]: ci-info: |   1   |   10.0.2.0  | 0.0.0.0  |  255.255.255.0  |   enp0s3  |   U   |
[   31.440032] cloud-init[622]: ci-info: |   2   |   10.0.2.2  | 0.0.0.0  | 255.255.255.255 |   enp0s3  |   UH  |
[   31.448656] cloud-init[622]: ci-info: +-------+-------------+----------+-----------------+-----------+-------+
[   31.455641] cloud-init[622]: ci-info: +++++++++++++++++++Route IPv6 info+++++++++++++++++++
[   31.462195] cloud-init[622]: ci-info: +-------+-------------+---------+-----------+-------+
[   31.469102] cloud-init[622]: ci-info: | Route | Destination | Gateway | Interface | Flags |
[   31.475889] cloud-init[622]: ci-info: +-------+-------------+---------+-----------+-------+
[   31.482565] cloud-init[622]: ci-info: |   1   |  fe80::/64  |    ::   |   enp0s3  |   U   |
[   31.489753] cloud-init[622]: ci-info: |   3   |    local    |    ::   |   enp0s3  |   U   |
[   31.496951] cloud-init[622]: ci-info: |   4   |   ff00::/8  |    ::   |   enp0s3  |   U   |
[   31.503204] cloud-init[622]: ci-info: +-------+-------------+---------+-----------+-------+
[   33.206202] cloud-init[622]: Generating public/private rsa key pair.
[   33.221079] cloud-init[622]: Your identification has been saved in /etc/ssh/ssh_host_rsa_key.
[   33.235296] cloud-init[622]: Your public key has been saved in /etc/ssh/ssh_host_rsa_key.pub.
[   33.250487] cloud-init[622]: The key fingerprint is:
[   33.263390] cloud-init[622]: SHA256:Q+sv+HOv0mqLGz+GmCxwZ7y6iSsubU/BJzbBajaaET4 root@ubuntu-bionic
[   33.287539] cloud-init[622]: The key's randomart image is:
[   33.300795] cloud-init[622]: +---[RSA 2048]----+
[   33.312884] cloud-init[622]: |                 |
[   33.326292] [[0;32m  OK  [0m] Started Initial cloud-init job (metadata service crawler).
[[0;32m  OK  [0m] Reached target System Initialization.
         Starting Socket activation for snappy daemon.
[[0;32m  OK  [0m] Listening on ACPID Listen Socket.
[[0;32m  OK  [0m] Started Daily apt download activities.
[[0;32m  OK  [0m] Started Daily apt upgrade and clean activities.
         Starting LXD - unix socket.
[[0;32m  OK  [0m] Started Daily Cleanup of Temporary Directories.
[[0;32m  OK  [0m] Listening on D-Bus System Message Bus Socket.
[[0;32m  OK  [0m] Listening on Open-iSCSI iscsid Socket.
[[0;32m  OK  [0m] Started Discard unused blocks once a week.
[[0;32m  OK  [0m] Started ACPI Events Check.
[[0;32m  OK  [0m] Reached target Paths.
[[0;32m  OK  [0m] Listening on UUID daemon activation socket.
[[0;32m  OK  [0m] Started Message of the Day.
[[0;32m  OK  [0m] Started Ubuntu Advantage update messaging.
[[0;32m  OK  [0m] Reached target Timers.
[[0;32m  OK  [0m] Reached target Network is Online.
[[0;32m  OK  [0m] Reached target Remote File Systems (Pre).
[[0;32m  OK  [0m] Reached target Remote File Systems.
         Starting Availability of block devices...
[[0;32m  OK  [0m] Reached target Cloud-config availability.
[[0;32m  OK  [0m] Listening on Socket activation for snappy daemon.
[[0;32m  OK  [0m] Listening on LXD - unix socket.
[[0;32m  OK  [0m] Reached target Sockets.
[[0;32m  OK  [0m] Reached target Basic System.
[[0;32m  OK  [0m] Started irqbalance daemon.
cloud-init[622]: |   .             |
[   33.428504] cloud-init[622]: |.   o   .        |
[   33.434945] cloud-init[622]: |.. o . . .       |
[   33.439583] cloud-init[622]: |.E=.* . S        |
[   33.444200] cloud-init[622]: |.*oo+= . .       |
         Starting Login Service...[   33.472915] cloud-init
[622]: |o+ +.+.o..       |
[[   33.494295] cloud-init[622]: |o.+o= o+B.o      |
[   33.494972] cloud-init[622]: |*++=. o==Ooo.    |
[   33.495126] cloud-init[622]: +----[SHA256]-----+
[   33.496089] cloud-init[622]: Generating public/private dsa key pair.
[   33.497658] cloud-init[622]: Your identification has been saved in /etc/ssh/ssh_host_dsa_key.
[   33.498367] cloud-init[622]: Your public key has been saved in /etc/ssh/ssh_host_dsa_key.pub.
[   33.499076] cloud-init[622]: The key fingerprint is:
[   33.499823] cloud-init[622]: SHA256:eVx5yYkCBEnwm+4FEaRHjuWXBhu/ZCyHuOn19UI32Sw root@ubuntu-bionic
[   33.522821] cloud-init[622]: The key's randomart image is:
[   33.522956] cloud-init[622]: +---[DSA 1024]----+
[   33.523103] cloud-init[622]: |    .+X+o        |
[   33.523928] cloud-init[622]: |     X.O o   + o |
[   33.525931] cloud-init[622]: |    + X X . + =  |
[   33.526844] cloud-init[622]: |     + @ + o =   |
[   33.527755] cloud-init[622]: |    o = S = E o  |
[   33.537327] cloud-init[622]: |   . o o + o o   |
[   33.539880] cloud-init[622]: |    . . o . .    |
[   33.541720] cloud-init[622]: |     . .   .     |
[   33.542626] cloud-init[622]: |      .          |
[0;32m  OK  [0m] [   33.543531] cloud-init[622]: +----[SHA256]-----+
[   33.572231] cloud-init[622]: Generating public/private ecdsa key pair.
[   33.572969] cloud-init[622]: Your identification has been saved in /etc/ssh/ssh_host_ecdsa_key.
[   33.574006] cloud-init[622]: Your public key has been saved in /etc/ssh/ssh_host_ecdsa_key.pub.
[   33.574821] cloud-init[622]: The key fingerprint is:
[   33.575710] cloud-init[622]: SHA256:IC4PhaXmEgizQDocMIXVjQnLBoCQ/gYzt9N8CzGDdyM root@ubuntu-bionic
[   33.580671] cloud-init[622]: The key's randomart image is:
[   33.581306] cloud-init[622]: +---[ECDSA 256]---+
[   33.582278] cloud-init[622]: |/B+o.+           |
[   33.583186] cloud-init[622]: |X*.=+ .          |
[   33.584094] cloud-init[622]: |B.B + .          |
[   33.588923] cloud-init[622]: | @ = E +         |
[   33.589769] cloud-init[622]: |. X * * S        |
[   33.593748] cloud-init[622]: | . O + .         |
[   33.594551] cloud-init[622]: |  . o o .        |
Started FUSE filesystem for LXC.[   33.595479] cloud-init[622]: |       .         |
[   33.629695] cloud-init[622]: |                 |
[   33.629769] cloud-init[622]: +----[SHA256]-----+
[   33.631770] cloud-init[622]: Generating public/private ed25519 key pair.
[   33.638522] cloud-init[622]: Your identification has been saved in /etc/ssh/ssh_host_ed25519_key.
[   33.638679] cloud-init[622]: Your public key has been saved in /etc/ssh/ssh_host_ed25519_key.pub.
[   33.638799] cloud-init[622]: The key fingerprint is:
[   33.638913] cloud-init[622]: SHA256:yh9rkzn5JqDN1JBQSicCV35J/7TrCjrQ8PEh/79ZyLU root@ubuntu-bionic
[   33.639872] cloud-init[622]: The key's randomart image is:
[   33.646566] cloud-init[622]: +--[ED25519 256]--+
[   33.653946] cloud-init[622]: |..o.+.+          |
[   33.654871] cloud-init[622]: | . +.= o         |
[   33.656828] cloud-init[622]: |    o.o.. .      |
[   33.659054] cloud-init[622]: |  . o.+  o .     |

[   33.659906] cloud-init[622]: |   + = +S o .    |
[   33.693129] cloud-init[622]: |  . o.=... + .   |
[   33.696858] cloud-init[622]: |   . =+o.++ E    |
[   33.700959] cloud-init[622]: |    o.ooX+.o     |
[   33.706304] cloud-init[622]: |    .. .+O*.     |
[   33.710335] cloud-init[622]: +----[SHA256]-----+
         Starting System Logging Service...
         Starting Dispatcher daemon for systemd-networkd...
[[0;32m  OK  [0m] Started D-Bus System Message Bus.
[[0;32m  OK  [0m] Started Regular background program processing daemon.
         Starting Virtualbox guest utils...
         Starting Permit User Sessions...
         Starting LXD - container startup/shutdown...
         Starting Pollinate to seed the pseudo random number generator...
         Starting Accounts Service...
         Starting LSB: automatic crash report generation...
[[0;32m  OK  [0m] Started Deferred execution scheduler.
         Starting LSB: Record successful boot for GRUB...
         Starting Snap Daemon...
[[0;32m  OK  [0m] Started System Logging Service.
[[0;32m  OK  [0m] Started Availability of block devices.
[[0;32m  OK  [0m] Started Permit User Sessions.
[[0;32m  OK  [0m] Started Login Service.
[[0;32m  OK  [0m] Started Unattended Upgrades Shutdown.
         Starting Terminate Plymouth Boot Screen...
         Starting Hold until boot process finishes up...
[[0;32m  OK  [0m] Started Terminate Plymouth Boot Screen.
[[0;32m  OK  [0m] Started Hold until boot process finishes up.
[[0;32m  OK  [0m] Started Serial Getty on ttyS0.
         Starting Set console scheme...
[[0;32m  OK  [0m] Started Dispatcher daemon for systemd-networkd.
[[0;32m  OK  [0m] Started LSB: automatic crash report generation.
[[0;32m  OK  [0m] Started Set console scheme.
[[0;32m  OK  [0m] Created slice system-getty.slice.
[[0;32m  OK  [0m] Started Getty on tty1.
[[0;32m  OK  [0m] Reached target Login Prompts.
         Starting Authorization Manager...
[[0;32m  OK  [0m] Started Virtualbox guest utils.
[[0;32m  OK  [0m] Started LSB: Record successful boot for GRUB.
[[0;32m  OK  [0m] Started Authorization Manager.
[[0;32m  OK  [0m] Started Accounts Service.
[[0;32m  OK  [0m] Started LXD - container startup/shutdown.
[[0;32m  OK  [0m] Started Snap Daemon.
         Starting Wait until snapd is fully seeded...
[[0;32m  OK  [0m] Started Pollinate to seed the pseudo random number generator.
         Starting OpenBSD Secure Shell server...
[[0;32m  OK  [0m] Started OpenBSD Secure Shell server.
[[0;32m  OK  [0m] Created slice User Slice of vagrant.
         Starting User Manager for UID 1000...
[[0;32m  OK  [0m] Started Session 1 of user vagrant.
[[0;32m  OK  [0m] Started User Manager for UID 1000.
[[0;32m  OK  [0m] Started Wait until snapd is fully seeded.
         Starting Apply the settings specified in cloud-config...
[[0;32m  OK  [0m] Reached target Multi-User System.
[[0;32m  OK  [0m] Reached target Graphical Interface.
         Starting Update UTMP about System Runlevel Changes...

Ubuntu 18.04.5 LTS ubuntu-bionic ttyS0

ubuntu-bionic login: [   42.788742] cloud-init[1158]: Cloud-init v. 21.1-19-gbad84ad4-0ubuntu1~18.04.2 running 'modules:config' at Mon, 17 May 2021 13:58:09 +0000. Up 41.47 seconds.
ci-info: no authorized SSH keys fingerprints found for user ubuntu.
<14>May 17 13:58:12 ec2: 
<14>May 17 13:58:12 ec2: #############################################################
<14>May 17 13:58:12 ec2: -----BEGIN SSH HOST KEY FINGERPRINTS-----
<14>May 17 13:58:12 ec2: 1024 SHA256:eVx5yYkCBEnwm+4FEaRHjuWXBhu/ZCyHuOn19UI32Sw root@ubuntu-bionic (DSA)
<14>May 17 13:58:12 ec2: 256 SHA256:IC4PhaXmEgizQDocMIXVjQnLBoCQ/gYzt9N8CzGDdyM root@ubuntu-bionic (ECDSA)
<14>May 17 13:58:12 ec2: 256 SHA256:yh9rkzn5JqDN1JBQSicCV35J/7TrCjrQ8PEh/79ZyLU root@ubuntu-bionic (ED25519)
<14>May 17 13:58:12 ec2: 2048 SHA256:Q+sv+HOv0mqLGz+GmCxwZ7y6iSsubU/BJzbBajaaET4 root@ubuntu-bionic (RSA)
<14>May 17 13:58:12 ec2: -----END SSH HOST KEY FINGERPRINTS-----
<14>May 17 13:58:12 ec2: #############################################################
-----BEGIN SSH HOST KEY KEYS-----
ecdsa-sha2-nistp256 AAAAE2VjZHNhLXNoYTItbmlzdHAyNTYAAAAIbmlzdHAyNTYAAABBBCaLVGm0ETM6mctDIYDeT4jgkQ8DdJeP1t2JM62NR9Aw/zacmbEbZ3oE1zoa4fULCE844IbJkpP7o1huVOAXyWk= root@ubuntu-bionic
ssh-ed25519 AAAAC3NzaC1lZDI1NTE5AAAAIIPFScKRv4T1cCuSzTvEjuEmQ61OhUiWtVjjuyG33xor root@ubuntu-bionic
ssh-rsa AAAAB3NzaC1yc2EAAAADAQABAAABAQCjrVOt04qmyWVrBZNNJagv/XLFcVdPBZB6/rmB+vu004jyD9cMDSocfj6GnK+0mmdPRTOdtMKHpJ5B/Wy5f/LdXj3Pp5LkzsImaY++OyQXarteVj7SEzXvMxj7S/tdrfrg9Mx9kRZCuf/ZjWOeNbu2qNzRg0Lq3wxn69VZxQeI9GfK7DwK2dLoVRhVJVc0sLW3Q0nKj+/iDw3QJqNobulXgPXHsh6C3LqK2MwoqJg6IZNepDeyYN+hMdZeg3fNy4N2gFlKtx6etIo/tEMX4EqGq67I3AcpMl3kNaiPw9JGOK5V24tyudRsF4QRMwX/RFUcSDm74qOr2OgpMeQ28nXF root@ubuntu-bionic
-----END SSH HOST KEY KEYS-----
[   44.218533] cloud-init[1306]: Cloud-init v. 21.1-19-gbad84ad4-0ubuntu1~18.04.2 running 'modules:final' at Mon, 17 May 2021 13:58:11 +0000. Up 43.88 seconds.
[   44.218768] cloud-init[1306]: ci-info: no authorized SSH keys fingerprints found for user ubuntu.
[   44.218929] cloud-init[1306]: Cloud-init v. 21.1-19-gbad84ad4-0ubuntu1~18.04.2 finished at Mon, 17 May 2021 13:58:12 +0000. Datasource DataSourceNoCloud [seed=/dev/sdb][dsmode=net].  Up 44.13 seconds
